<?xml version="1.0" encoding="UTF-8"?>
<testng-results skipped="0" failed="1" ignored="0" total="1" passed="0">
  <reporter-output>
  </reporter-output>
  <suite name="Default suite" duration-ms="89938" started-at="2022-07-18T17:56:09 IST" finished-at="2022-07-18T17:57:39 IST">
    <groups>
    </groups>
    <test name="Default test" duration-ms="89938" started-at="2022-07-18T17:56:09 IST" finished-at="2022-07-18T17:57:39 IST">
      <class name="MOPrograms.ProductTest">
        <test-method status="PASS" signature="configBS()[pri:0, instance:MOPrograms.ProductTest@cb51256]" name="configBS" is-config="true" duration-ms="1230" started-at="2022-07-18T17:56:08 IST" finished-at="2022-07-18T17:56:09 IST">
          <reporter-output>
          </reporter-output>
        </test-method> <!-- configBS -->
        <test-method status="PASS" signature="configBC()[pri:0, instance:MOPrograms.ProductTest@cb51256]" name="configBC" is-config="true" duration-ms="9128" started-at="2022-07-18T17:56:09 IST" finished-at="2022-07-18T17:56:18 IST">
          <reporter-output>
          </reporter-output>
        </test-method> <!-- configBC -->
        <test-method status="PASS" signature="conFigBM()[pri:0, instance:MOPrograms.ProductTest@cb51256]" name="conFigBM" is-config="true" duration-ms="17770" started-at="2022-07-18T17:56:18 IST" finished-at="2022-07-18T17:56:36 IST">
          <reporter-output>
          </reporter-output>
        </test-method> <!-- conFigBM -->
        <test-method status="FAIL" signature="createProductTest()[pri:0, instance:MOPrograms.ProductTest@cb51256]" name="createProductTest" duration-ms="52127" started-at="2022-07-18T17:56:36 IST" finished-at="2022-07-18T17:57:28 IST">
          <exception class="org.openqa.selenium.ElementClickInterceptedException">
            <message>
              <![CDATA[element click intercepted: Element <img src="themes/softed/images/select.gif" alt="Select" title="Select" language="javascript" onclick="return window.open(&quot;index.php?module=Vendors&amp;action=Popup&amp;html=Popup_picker&amp;popuptype=specific&amp;form=EditView&amp;fromlink=&quot;,&quot;test&quot;,&quot;width=640,height=602,resizable=0,scrollbars=0&quot;);" align="absmiddle" style="cursor:hand;cursor:pointer"> is not clickable at point (556, 491). Other element would receive the click: <td class="day selected today">...</td>
  (Session info: chrome=103.0.5060.114)
Build info: version: '3.141.59', revision: 'e82be7d358', time: '2018-11-14T08:17:03'
System info: host: 'HVSL', ip: '192.168.196.1', os.name: 'Windows 10', os.arch: 'amd64', os.version: '10.0', java.version: '1.8.0_291'
Driver info: org.openqa.selenium.chrome.ChromeDriver
Capabilities {acceptInsecureCerts: false, browserName: chrome, browserVersion: 103.0.5060.114, chrome: {chromedriverVersion: 103.0.5060.53 (a1711811edd7..., userDataDir: C:\Users\sheno\AppData\Loca...}, goog:chromeOptions: {debuggerAddress: localhost:54954}, javascriptEnabled: true, networkConnectionEnabled: false, pageLoadStrategy: normal, platform: WINDOWS, platformName: WINDOWS, proxy: Proxy(), setWindowRect: true, strictFileInteractability: false, timeouts: {implicit: 0, pageLoad: 300000, script: 30000}, unhandledPromptBehavior: dismiss and notify, webauthn:extension:credBlob: true, webauthn:extension:largeBlob: true, webauthn:virtualAuthenticators: true}
Session ID: 7568075e0db33bd7a3d045aa10aadfd3]]>
            </message>
            <full-stacktrace>
              <![CDATA[org.openqa.selenium.ElementClickInterceptedException: element click intercepted: Element <img src="themes/softed/images/select.gif" alt="Select" title="Select" language="javascript" onclick="return window.open(&quot;index.php?module=Vendors&amp;action=Popup&amp;html=Popup_picker&amp;popuptype=specific&amp;form=EditView&amp;fromlink=&quot;,&quot;test&quot;,&quot;width=640,height=602,resizable=0,scrollbars=0&quot;);" align="absmiddle" style="cursor:hand;cursor:pointer"> is not clickable at point (556, 491). Other element would receive the click: <td class="day selected today">...</td>
  (Session info: chrome=103.0.5060.114)
Build info: version: '3.141.59', revision: 'e82be7d358', time: '2018-11-14T08:17:03'
System info: host: 'HVSL', ip: '192.168.196.1', os.name: 'Windows 10', os.arch: 'amd64', os.version: '10.0', java.version: '1.8.0_291'
Driver info: org.openqa.selenium.chrome.ChromeDriver
Capabilities {acceptInsecureCerts: false, browserName: chrome, browserVersion: 103.0.5060.114, chrome: {chromedriverVersion: 103.0.5060.53 (a1711811edd7..., userDataDir: C:\Users\sheno\AppData\Loca...}, goog:chromeOptions: {debuggerAddress: localhost:54954}, javascriptEnabled: true, networkConnectionEnabled: false, pageLoadStrategy: normal, platform: WINDOWS, platformName: WINDOWS, proxy: Proxy(), setWindowRect: true, strictFileInteractability: false, timeouts: {implicit: 0, pageLoad: 300000, script: 30000}, unhandledPromptBehavior: dismiss and notify, webauthn:extension:credBlob: true, webauthn:extension:largeBlob: true, webauthn:virtualAuthenticators: true}
Session ID: 7568075e0db33bd7a3d045aa10aadfd3
at sun.reflect.NativeConstructorAccessorImpl.newInstance0(Native Method)
at sun.reflect.NativeConstructorAccessorImpl.newInstance(NativeConstructorAccessorImpl.java:62)
at sun.reflect.DelegatingConstructorAccessorImpl.newInstance(DelegatingConstructorAccessorImpl.java:45)
at java.lang.reflect.Constructor.newInstance(Constructor.java:423)
at org.openqa.selenium.remote.http.W3CHttpResponseCodec.createException(W3CHttpResponseCodec.java:187)
at org.openqa.selenium.remote.http.W3CHttpResponseCodec.decode(W3CHttpResponseCodec.java:122)
at org.openqa.selenium.remote.http.W3CHttpResponseCodec.decode(W3CHttpResponseCodec.java:49)
at org.openqa.selenium.remote.HttpCommandExecutor.execute(HttpCommandExecutor.java:158)
at org.openqa.selenium.remote.service.DriverCommandExecutor.execute(DriverCommandExecutor.java:83)
at org.openqa.selenium.remote.RemoteWebDriver.execute(RemoteWebDriver.java:552)
at org.openqa.selenium.remote.RemoteWebElement.execute(RemoteWebElement.java:285)
at org.openqa.selenium.remote.RemoteWebElement.click(RemoteWebElement.java:84)
at sun.reflect.NativeMethodAccessorImpl.invoke0(Native Method)
at sun.reflect.NativeMethodAccessorImpl.invoke(NativeMethodAccessorImpl.java:62)
at sun.reflect.DelegatingMethodAccessorImpl.invoke(DelegatingMethodAccessorImpl.java:43)
at java.lang.reflect.Method.invoke(Method.java:498)
at org.openqa.selenium.support.pagefactory.internal.LocatingElementHandler.invoke(LocatingElementHandler.java:51)
at com.sun.proxy.$Proxy13.click(Unknown Source)
at MOPrograms.ProductTest.createProductTest(ProductTest.java:38)
at sun.reflect.NativeMethodAccessorImpl.invoke0(Native Method)
at sun.reflect.NativeMethodAccessorImpl.invoke(NativeMethodAccessorImpl.java:62)
at sun.reflect.DelegatingMethodAccessorImpl.invoke(DelegatingMethodAccessorImpl.java:43)
at java.lang.reflect.Method.invoke(Method.java:498)
at org.testng.internal.MethodInvocationHelper.invokeMethod(MethodInvocationHelper.java:133)
at org.testng.internal.TestInvoker.invokeMethod(TestInvoker.java:598)
at org.testng.internal.TestInvoker.invokeTestMethod(TestInvoker.java:173)
at org.testng.internal.MethodRunner.runInSequence(MethodRunner.java:46)
at org.testng.internal.TestInvoker$MethodInvocationAgent.invoke(TestInvoker.java:824)
at org.testng.internal.TestInvoker.invokeTestMethods(TestInvoker.java:146)
at org.testng.internal.TestMethodWorker.invokeTestMethods(TestMethodWorker.java:146)
at org.testng.internal.TestMethodWorker.run(TestMethodWorker.java:128)
at java.util.ArrayList.forEach(ArrayList.java:1259)
at org.testng.TestRunner.privateRun(TestRunner.java:794)
at org.testng.TestRunner.run(TestRunner.java:596)
at org.testng.SuiteRunner.runTest(SuiteRunner.java:377)
at org.testng.SuiteRunner.runSequentially(SuiteRunner.java:371)
at org.testng.SuiteRunner.privateRun(SuiteRunner.java:332)
at org.testng.SuiteRunner.run(SuiteRunner.java:276)
at org.testng.SuiteRunnerWorker.runSuite(SuiteRunnerWorker.java:53)
at org.testng.SuiteRunnerWorker.run(SuiteRunnerWorker.java:96)
at org.testng.TestNG.runSuitesSequentially(TestNG.java:1212)
at org.testng.TestNG.runSuitesLocally(TestNG.java:1134)
at org.testng.TestNG.runSuites(TestNG.java:1063)
at org.testng.TestNG.run(TestNG.java:1031)
at org.testng.remote.AbstractRemoteTestNG.run(AbstractRemoteTestNG.java:115)
at org.testng.remote.RemoteTestNG.initAndRun(RemoteTestNG.java:251)
at org.testng.remote.RemoteTestNG.main(RemoteTestNG.java:77)
]]>
            </full-stacktrace>
          </exception> <!-- org.openqa.selenium.ElementClickInterceptedException -->
          <reporter-output>
          </reporter-output>
        </test-method> <!-- createProductTest -->
        <test-method status="PASS" signature="conFigAM()[pri:0, instance:MOPrograms.ProductTest@cb51256]" name="conFigAM" is-config="true" duration-ms="9173" started-at="2022-07-18T17:57:28 IST" finished-at="2022-07-18T17:57:38 IST">
          <reporter-output>
          </reporter-output>
        </test-method> <!-- conFigAM -->
        <test-method status="PASS" signature="conFigAC()[pri:0, instance:MOPrograms.ProductTest@cb51256]" name="conFigAC" is-config="true" duration-ms="1579" started-at="2022-07-18T17:57:38 IST" finished-at="2022-07-18T17:57:39 IST">
          <reporter-output>
          </reporter-output>
        </test-method> <!-- conFigAC -->
        <test-method status="PASS" signature="conFigAS()[pri:0, instance:MOPrograms.ProductTest@cb51256]" name="conFigAS" is-config="true" duration-ms="63" started-at="2022-07-18T17:57:39 IST" finished-at="2022-07-18T17:57:39 IST">
          <reporter-output>
          </reporter-output>
        </test-method> <!-- conFigAS -->
      </class> <!-- MOPrograms.ProductTest -->
    </test> <!-- Default test -->
  </suite> <!-- Default suite -->
</testng-results>
