<?xml version="1.0" encoding="UTF-8"?>
<!-- Generated by org.testng.reporters.JUnitXMLReporter -->
<testsuite ignored="3" hostname="HVSL" failures="0" tests="3" name="Test" time="0.218" errors="0" timestamp="2022-07-05T17:43:25 IST">
  <testcase classname="Sample.OrganisationTest" name="createOrganisationTest" time="0.03"/>
  <testcase classname="Sample.ContactTest" name="createContact" time="0.005"/>
  <testcase classname="Sample.ProductTest" name="createProductTest" time="0.008"/>
  <testcase classname="Sample.ContactTest" name="createContactwithProductTest" time="0.0">
    <ignored/>
  </testcase> <!-- createContactwithProductTest -->
  <testcase classname="Sample.ProductTest" name="createProductwithItemTest" time="0.0">
    <ignored/>
  </testcase> <!-- createProductwithItemTest -->
  <testcase classname="Sample.OrganisationTest" name="createOrganisationwithProductTest" time="0.0">
    <ignored/>
  </testcase> <!-- createOrganisationwithProductTest -->
</testsuite> <!-- Test -->
